[2022-02-15 14:08:46,239] {taskinstance.py:1032} INFO - Dependencies all met for <TaskInstance: example_bash_operator.this_will_skip scheduled__2022-02-14T00:00:00+00:00 [queued]>
[2022-02-15 14:08:46,281] {taskinstance.py:1032} INFO - Dependencies all met for <TaskInstance: example_bash_operator.this_will_skip scheduled__2022-02-14T00:00:00+00:00 [queued]>
[2022-02-15 14:08:46,282] {taskinstance.py:1238} INFO - 
--------------------------------------------------------------------------------
[2022-02-15 14:08:46,282] {taskinstance.py:1239} INFO - Starting attempt 1 of 1
[2022-02-15 14:08:46,282] {taskinstance.py:1240} INFO - 
--------------------------------------------------------------------------------
[2022-02-15 14:08:46,318] {taskinstance.py:1259} INFO - Executing <Task(BashOperator): this_will_skip> on 2022-02-14 00:00:00+00:00
[2022-02-15 14:08:46,327] {standard_task_runner.py:52} INFO - Started process 135 to run task
[2022-02-15 14:08:46,347] {standard_task_runner.py:76} INFO - Running: ['***', 'tasks', 'run', 'example_bash_operator', 'this_will_skip', 'scheduled__2022-02-14T00:00:00+00:00', '--job-id', '4', '--raw', '--subdir', '/home/***/.local/lib/python3.7/site-packages/***/example_dags/example_bash_operator.py', '--cfg-path', '/tmp/tmpx6ep18mm', '--error-file', '/tmp/tmpumgqqxkg']
[2022-02-15 14:08:46,360] {standard_task_runner.py:77} INFO - Job 4: Subtask this_will_skip
[2022-02-15 14:08:46,871] {logging_mixin.py:109} INFO - Running <TaskInstance: example_bash_operator.this_will_skip scheduled__2022-02-14T00:00:00+00:00 [running]> on host 52f5d3e8acb7
[2022-02-15 14:08:47,284] {taskinstance.py:1426} INFO - Exporting the following env vars:
AIRFLOW_CTX_DAG_OWNER=***
AIRFLOW_CTX_DAG_ID=example_bash_operator
AIRFLOW_CTX_TASK_ID=this_will_skip
AIRFLOW_CTX_EXECUTION_DATE=2022-02-14T00:00:00+00:00
AIRFLOW_CTX_DAG_RUN_ID=scheduled__2022-02-14T00:00:00+00:00
[2022-02-15 14:08:47,289] {subprocess.py:62} INFO - Tmp dir root location: 
 /tmp
[2022-02-15 14:08:47,290] {subprocess.py:74} INFO - Running command: ['bash', '-c', 'echo "hello world"; exit 99;']
[2022-02-15 14:08:47,332] {subprocess.py:85} INFO - Output:
[2022-02-15 14:08:47,339] {subprocess.py:89} INFO - hello world
[2022-02-15 14:08:47,349] {subprocess.py:93} INFO - Command exited with return code 99
[2022-02-15 14:08:47,354] {taskinstance.py:1356} INFO - Bash command returned exit code 99. Skipping.
[2022-02-15 14:08:47,441] {taskinstance.py:1277} INFO - Marking task as SKIPPED. dag_id=example_bash_operator, task_id=this_will_skip, execution_date=20220214T000000, start_date=20220215T140846, end_date=20220215T140847
[2022-02-15 14:08:47,568] {local_task_job.py:154} INFO - Task exited with return code 0
[2022-02-15 14:08:47,761] {local_task_job.py:264} INFO - 0 downstream tasks scheduled from follow-on schedule check
