[2022-02-15 14:09:45,710] {taskinstance.py:1032} INFO - Dependencies all met for <TaskInstance: example_bash_operator.run_after_loop scheduled__2022-02-14T00:00:00+00:00 [queued]>
[2022-02-15 14:09:45,729] {taskinstance.py:1032} INFO - Dependencies all met for <TaskInstance: example_bash_operator.run_after_loop scheduled__2022-02-14T00:00:00+00:00 [queued]>
[2022-02-15 14:09:45,730] {taskinstance.py:1238} INFO - 
--------------------------------------------------------------------------------
[2022-02-15 14:09:45,730] {taskinstance.py:1239} INFO - Starting attempt 1 of 1
[2022-02-15 14:09:45,730] {taskinstance.py:1240} INFO - 
--------------------------------------------------------------------------------
[2022-02-15 14:09:45,761] {taskinstance.py:1259} INFO - Executing <Task(BashOperator): run_after_loop> on 2022-02-14 00:00:00+00:00
[2022-02-15 14:09:45,767] {standard_task_runner.py:52} INFO - Started process 178 to run task
[2022-02-15 14:09:45,774] {standard_task_runner.py:76} INFO - Running: ['***', 'tasks', 'run', 'example_bash_operator', 'run_after_loop', 'scheduled__2022-02-14T00:00:00+00:00', '--job-id', '8', '--raw', '--subdir', '/home/***/.local/lib/python3.7/site-packages/***/example_dags/example_bash_operator.py', '--cfg-path', '/tmp/tmpb_k6whxq', '--error-file', '/tmp/tmp_jskmluf']
[2022-02-15 14:09:45,777] {standard_task_runner.py:77} INFO - Job 8: Subtask run_after_loop
[2022-02-15 14:09:45,871] {logging_mixin.py:109} INFO - Running <TaskInstance: example_bash_operator.run_after_loop scheduled__2022-02-14T00:00:00+00:00 [running]> on host 52f5d3e8acb7
[2022-02-15 14:09:45,969] {taskinstance.py:1426} INFO - Exporting the following env vars:
AIRFLOW_CTX_DAG_OWNER=***
AIRFLOW_CTX_DAG_ID=example_bash_operator
AIRFLOW_CTX_TASK_ID=run_after_loop
AIRFLOW_CTX_EXECUTION_DATE=2022-02-14T00:00:00+00:00
AIRFLOW_CTX_DAG_RUN_ID=scheduled__2022-02-14T00:00:00+00:00
[2022-02-15 14:09:45,970] {subprocess.py:62} INFO - Tmp dir root location: 
 /tmp
[2022-02-15 14:09:45,971] {subprocess.py:74} INFO - Running command: ['bash', '-c', 'echo 1']
[2022-02-15 14:09:45,985] {subprocess.py:85} INFO - Output:
[2022-02-15 14:09:45,988] {subprocess.py:89} INFO - 1
[2022-02-15 14:09:45,989] {subprocess.py:93} INFO - Command exited with return code 0
[2022-02-15 14:09:46,042] {taskinstance.py:1277} INFO - Marking task as SUCCESS. dag_id=example_bash_operator, task_id=run_after_loop, execution_date=20220214T000000, start_date=20220215T140945, end_date=20220215T140946
[2022-02-15 14:09:46,106] {local_task_job.py:154} INFO - Task exited with return code 0
[2022-02-15 14:09:46,180] {local_task_job.py:264} INFO - 0 downstream tasks scheduled from follow-on schedule check
