[2022-02-15 14:08:51,781] {taskinstance.py:1032} INFO - Dependencies all met for <TaskInstance: example_bash_operator.runme_0 scheduled__2022-02-14T00:00:00+00:00 [queued]>
[2022-02-15 14:08:51,846] {taskinstance.py:1032} INFO - Dependencies all met for <TaskInstance: example_bash_operator.runme_0 scheduled__2022-02-14T00:00:00+00:00 [queued]>
[2022-02-15 14:08:51,847] {taskinstance.py:1238} INFO - 
--------------------------------------------------------------------------------
[2022-02-15 14:08:51,847] {taskinstance.py:1239} INFO - Starting attempt 1 of 1
[2022-02-15 14:08:51,847] {taskinstance.py:1240} INFO - 
--------------------------------------------------------------------------------
[2022-02-15 14:08:51,948] {taskinstance.py:1259} INFO - Executing <Task(BashOperator): runme_0> on 2022-02-14 00:00:00+00:00
[2022-02-15 14:08:51,970] {standard_task_runner.py:76} INFO - Running: ['***', 'tasks', 'run', 'example_bash_operator', 'runme_0', 'scheduled__2022-02-14T00:00:00+00:00', '--job-id', '7', '--raw', '--subdir', '/home/***/.local/lib/python3.7/site-packages/***/example_dags/example_bash_operator.py', '--cfg-path', '/tmp/tmp8o8rc9he', '--error-file', '/tmp/tmph0_450je']
[2022-02-15 14:08:51,971] {standard_task_runner.py:77} INFO - Job 7: Subtask runme_0
[2022-02-15 14:08:51,966] {standard_task_runner.py:52} INFO - Started process 144 to run task
[2022-02-15 14:08:52,263] {logging_mixin.py:109} INFO - Running <TaskInstance: example_bash_operator.runme_0 scheduled__2022-02-14T00:00:00+00:00 [running]> on host 52f5d3e8acb7
[2022-02-15 14:08:52,689] {taskinstance.py:1426} INFO - Exporting the following env vars:
AIRFLOW_CTX_DAG_OWNER=***
AIRFLOW_CTX_DAG_ID=example_bash_operator
AIRFLOW_CTX_TASK_ID=runme_0
AIRFLOW_CTX_EXECUTION_DATE=2022-02-14T00:00:00+00:00
AIRFLOW_CTX_DAG_RUN_ID=scheduled__2022-02-14T00:00:00+00:00
[2022-02-15 14:08:52,701] {subprocess.py:62} INFO - Tmp dir root location: 
 /tmp
[2022-02-15 14:08:52,703] {subprocess.py:74} INFO - Running command: ['bash', '-c', 'echo "example_bash_operator__runme_0__20220214" && sleep 1']
[2022-02-15 14:08:52,732] {subprocess.py:85} INFO - Output:
[2022-02-15 14:08:52,743] {subprocess.py:89} INFO - example_bash_operator__runme_0__20220214
[2022-02-15 14:08:53,750] {subprocess.py:93} INFO - Command exited with return code 0
[2022-02-15 14:08:53,871] {taskinstance.py:1277} INFO - Marking task as SUCCESS. dag_id=example_bash_operator, task_id=runme_0, execution_date=20220214T000000, start_date=20220215T140851, end_date=20220215T140853
[2022-02-15 14:08:53,938] {local_task_job.py:154} INFO - Task exited with return code 0
[2022-02-15 14:08:54,052] {local_task_job.py:264} INFO - 1 downstream tasks scheduled from follow-on schedule check
