[2022-02-15 14:08:45,948] {taskinstance.py:1032} INFO - Dependencies all met for <TaskInstance: example_bash_operator.runme_2 scheduled__2022-02-14T00:00:00+00:00 [queued]>
[2022-02-15 14:08:46,074] {taskinstance.py:1032} INFO - Dependencies all met for <TaskInstance: example_bash_operator.runme_2 scheduled__2022-02-14T00:00:00+00:00 [queued]>
[2022-02-15 14:08:46,075] {taskinstance.py:1238} INFO - 
--------------------------------------------------------------------------------
[2022-02-15 14:08:46,075] {taskinstance.py:1239} INFO - Starting attempt 1 of 1
[2022-02-15 14:08:46,075] {taskinstance.py:1240} INFO - 
--------------------------------------------------------------------------------
[2022-02-15 14:08:46,204] {taskinstance.py:1259} INFO - Executing <Task(BashOperator): runme_2> on 2022-02-14 00:00:00+00:00
[2022-02-15 14:08:46,224] {standard_task_runner.py:52} INFO - Started process 133 to run task
[2022-02-15 14:08:46,253] {standard_task_runner.py:76} INFO - Running: ['***', 'tasks', 'run', 'example_bash_operator', 'runme_2', 'scheduled__2022-02-14T00:00:00+00:00', '--job-id', '3', '--raw', '--subdir', '/home/***/.local/lib/python3.7/site-packages/***/example_dags/example_bash_operator.py', '--cfg-path', '/tmp/tmphtksket6', '--error-file', '/tmp/tmp7i11tyot']
[2022-02-15 14:08:46,255] {standard_task_runner.py:77} INFO - Job 3: Subtask runme_2
[2022-02-15 14:08:46,510] {logging_mixin.py:109} INFO - Running <TaskInstance: example_bash_operator.runme_2 scheduled__2022-02-14T00:00:00+00:00 [running]> on host 52f5d3e8acb7
[2022-02-15 14:08:47,201] {taskinstance.py:1426} INFO - Exporting the following env vars:
AIRFLOW_CTX_DAG_OWNER=***
AIRFLOW_CTX_DAG_ID=example_bash_operator
AIRFLOW_CTX_TASK_ID=runme_2
AIRFLOW_CTX_EXECUTION_DATE=2022-02-14T00:00:00+00:00
AIRFLOW_CTX_DAG_RUN_ID=scheduled__2022-02-14T00:00:00+00:00
[2022-02-15 14:08:47,203] {subprocess.py:62} INFO - Tmp dir root location: 
 /tmp
[2022-02-15 14:08:47,209] {subprocess.py:74} INFO - Running command: ['bash', '-c', 'echo "example_bash_operator__runme_2__20220214" && sleep 1']
[2022-02-15 14:08:47,286] {subprocess.py:85} INFO - Output:
[2022-02-15 14:08:47,316] {subprocess.py:89} INFO - example_bash_operator__runme_2__20220214
[2022-02-15 14:08:48,334] {subprocess.py:93} INFO - Command exited with return code 0
[2022-02-15 14:08:48,445] {taskinstance.py:1277} INFO - Marking task as SUCCESS. dag_id=example_bash_operator, task_id=runme_2, execution_date=20220214T000000, start_date=20220215T140845, end_date=20220215T140848
[2022-02-15 14:08:48,614] {local_task_job.py:154} INFO - Task exited with return code 0
[2022-02-15 14:08:48,744] {local_task_job.py:264} INFO - 0 downstream tasks scheduled from follow-on schedule check
